生成启动时间为 2015/9/18 17:13:57。
     1>项目“C:\Users\Christina\Desktop\Project1\Project1\Project1.vcxproj”在节点 2 上(Build 个目标)。
     1>ClCompile:
         C:\Program Files (x86)\Microsoft Visual Studio 14.0\VC\bin\CL.exe /c /I"C:\Users\Christina\Desktop\fftw-3.3.4-dll32" /ZI /nologo /W3 /WX- /sdl /Od /Oy- /D _CRT_SECURE_NO_WARNINGS /D _MBCS /Gm /EHsc /RTC1 /MDd /GS /fp:precise /Zc:wchar_t /Zc:forScope /Zc:inline /Fo"Debug\\" /Fd"Debug\vc140.pdb" /Gd /TP /analyze- /errorReport:prompt ..\main.cpp
         main.cpp
     1>c:\users\christina\desktop\project1\main.cpp(41): warning C4244: “return”: 从“float”转换到“int”，可能丢失数据
     1>c:\users\christina\desktop\project1\main.cpp(74): warning C4244: “=”: 从“int”转换到“float”，可能丢失数据
     1>c:\users\christina\desktop\project1\main.cpp(79): warning C4244: “+=”: 从“double”转换到“float”，可能丢失数据
     1>c:\users\christina\desktop\project1\main.cpp(111): warning C4244: “=”: 从“int”转换到“float”，可能丢失数据
     1>c:\users\christina\desktop\project1\main.cpp(111): warning C4244: “=”: 从“float”转换到“int”，可能丢失数据
     1>c:\users\christina\desktop\project1\main.cpp(194): warning C4244: “参数”: 从“double”转换到“int”，可能丢失数据
     1>c:\users\christina\desktop\project1\main.cpp(203): warning C4244: “=”: 从“double”转换到“float”，可能丢失数据
       Link:
         C:\Program Files (x86)\Microsoft Visual Studio 14.0\VC\bin\link.exe /ERRORREPORT:PROMPT /OUT:"C:\Users\Christina\Desktop\Project1\Debug\Project1.exe" /INCREMENTAL /NOLOGO /LIBPATH:"C:\Users\Christina\Desktop\fftw-3.3.4-dll32" portaudio_x86.lib "libfftw3-3.lib" "libfftw3f-3.lib" "libfftw3l-3.lib" kernel32.lib user32.lib gdi32.lib winspool.lib comdlg32.lib advapi32.lib shell32.lib ole32.lib oleaut32.lib uuid.lib odbc32.lib odbccp32.lib /MANIFEST /MANIFESTUAC:"level='asInvoker' uiAccess='false'" /manifest:embed /Debug /PDB:"C:\Users\Christina\Desktop\Project1\Debug\Project1.pdb" /TLBID:1 /DYNAMICBASE /NXCOMPAT /IMPLIB:"C:\Users\Christina\Desktop\Project1\Debug\Project1.lib" /MACHINE:X86 Debug\main.obj
         Debug\mfcc.obj
         Debug\readwave.obj
         Project1.vcxproj -> C:\Users\Christina\Desktop\Project1\Debug\Project1.exe
     1>已完成生成项目“C:\Users\Christina\Desktop\Project1\Project1\Project1.vcxproj”(Build 个目标)的操作。

已成功生成。

已用时间 00:00:00.78
