生成启动时间为 2015/11/4 16:32:32。
     1>项目“C:\Users\Christina\Desktop\Speech Project\Project4\Project4\Project4.vcxproj”在节点 2 上(Build 个目标)。
     1>ClCompile:
         C:\Program Files (x86)\Microsoft Visual Studio 14.0\VC\bin\CL.exe /c /ZI /nologo /W3 /WX- /sdl /Od /Oy- /D _MBCS /Gm /EHsc /RTC1 /MDd /GS /fp:precise /Zc:wchar_t /Zc:forScope /Zc:inline /Fo"Debug\\" /Fd"Debug\vc140.pdb" /Gd /TP /analyze- /errorReport:prompt lextree.cpp
         lextree.cpp
     1>c:\users\christina\desktop\speech project\project4\project4\lextree.cpp(125): warning C4018: “<”: 有符号/无符号不匹配
     1>c:\users\christina\desktop\speech project\project4\project4\lextree.cpp(133): warning C4244: “=”: 从“double”转换到“int”，可能丢失数据
     1>c:\users\christina\desktop\speech project\project4\project4\lextree.cpp(134): warning C4244: “=”: 从“double”转换到“int”，可能丢失数据
     1>c:\users\christina\desktop\speech project\project4\project4\lextree.cpp(135): warning C4244: “=”: 从“double”转换到“int”，可能丢失数据
     1>c:\users\christina\desktop\speech project\project4\project4\lextree.cpp(157): warning C4805: “==”: 在操作中将类型“int”与类型“bool”混合不安全
     1>c:\users\christina\desktop\speech project\project4\project4\lextree.cpp(182): warning C4018: “<”: 有符号/无符号不匹配
     1>c:\users\christina\desktop\speech project\project4\project4\lextree.cpp(197): warning C4018: “<”: 有符号/无符号不匹配
     1>c:\users\christina\desktop\speech project\project4\project4\lextree.cpp(204): warning C4244: “=”: 从“double”转换到“int”，可能丢失数据
     1>c:\users\christina\desktop\speech project\project4\project4\lextree.cpp(205): warning C4244: “=”: 从“double”转换到“int”，可能丢失数据
     1>c:\users\christina\desktop\speech project\project4\project4\lextree.cpp(206): warning C4244: “=”: 从“double”转换到“int”，可能丢失数据
     1>c:\users\christina\desktop\speech project\project4\project4\lextree.cpp(266): warning C4800: “int”: 将值强制为布尔值“true”或“false”(性能警告)
     1>c:\users\christina\desktop\speech project\project4\project4\lextree.cpp(268): warning C4805: “==”: 在操作中将类型“int”与类型“bool”混合不安全
     1>c:\users\christina\desktop\speech project\project4\project4\lextree.cpp(289): warning C4018: “<”: 有符号/无符号不匹配
     1>c:\users\christina\desktop\speech project\project4\project4\lextree.cpp(296): warning C4244: “=”: 从“double”转换到“int”，可能丢失数据
     1>c:\users\christina\desktop\speech project\project4\project4\lextree.cpp(297): warning C4244: “=”: 从“double”转换到“int”，可能丢失数据
     1>c:\users\christina\desktop\speech project\project4\project4\lextree.cpp(298): warning C4244: “=”: 从“double”转换到“int”，可能丢失数据
     1>c:\users\christina\desktop\speech project\project4\project4\lextree.cpp(503): warning C4244: “=”: 从“double”转换到“int”，可能丢失数据
     1>c:\users\christina\desktop\speech project\project4\project4\lextree.cpp(516): warning C4244: “初始化”: 从“double”转换到“int”，可能丢失数据
     1>c:\users\christina\desktop\speech project\project4\project4\lextree.cpp(522): warning C4244: “=”: 从“double”转换到“int”，可能丢失数据
     1>c:\users\christina\desktop\speech project\project4\project4\lextree.cpp(526): warning C4244: “初始化”: 从“double”转换到“int”，可能丢失数据
     1>c:\users\christina\desktop\speech project\project4\project4\lextree.cpp(551): warning C4244: “=”: 从“double”转换到“int”，可能丢失数据
     1>c:\users\christina\desktop\speech project\project4\project4\lextree.cpp(558): warning C4244: “=”: 从“double”转换到“int”，可能丢失数据
     1>c:\users\christina\desktop\speech project\project4\project4\lextree.cpp(560): warning C4244: “=”: 从“double”转换到“int”，可能丢失数据
       Link:
         C:\Program Files (x86)\Microsoft Visual Studio 14.0\VC\bin\link.exe /ERRORREPORT:PROMPT /OUT:"C:\Users\Christina\Desktop\Speech Project\Project4\Debug\Project4.exe" /INCREMENTAL /NOLOGO kernel32.lib user32.lib gdi32.lib winspool.lib comdlg32.lib advapi32.lib shell32.lib ole32.lib oleaut32.lib uuid.lib odbc32.lib odbccp32.lib /MANIFEST /MANIFESTUAC:"level='asInvoker' uiAccess='false'" /manifest:embed /Debug /PDB:"C:\Users\Christina\Desktop\Speech Project\Project4\Debug\Project4.pdb" /TLBID:1 /DYNAMICBASE /NXCOMPAT /IMPLIB:"C:\Users\Christina\Desktop\Speech Project\Project4\Debug\Project4.lib" /MACHINE:X86 Debug\lextree.obj
         Debug\main.obj
         Project4.vcxproj -> C:\Users\Christina\Desktop\Speech Project\Project4\Debug\Project4.exe
     1>已完成生成项目“C:\Users\Christina\Desktop\Speech Project\Project4\Project4\Project4.vcxproj”(Build 个目标)的操作。

已成功生成。

已用时间 00:00:01.03
