生成启动时间为 2015/11/4 22:05:53。
     1>项目“C:\Users\Christina\Desktop\Speech Project\Project4\Project4\Project4.vcxproj”在节点 2 上(Build 个目标)。
     1>ClCompile:
         C:\Program Files (x86)\Microsoft Visual Studio 14.0\VC\bin\CL.exe /c /Zi /nologo /W3 /WX- /sdl /O2 /Oi /Oy- /GL /D _MBCS /Gm- /EHsc /MD /GS /Gy /fp:precise /Zc:wchar_t /Zc:forScope /Zc:inline /Fo"Release\\" /Fd"Release\vc140.pdb" /Gd /TP /analyze- /errorReport:prompt lextree.cpp main.cpp
         lextree.cpp
     1>lextree.cpp(125): warning C4018: “<”: 有符号/无符号不匹配
     1>lextree.cpp(133): warning C4244: “=”: 从“double”转换到“int”，可能丢失数据
     1>lextree.cpp(134): warning C4244: “=”: 从“double”转换到“int”，可能丢失数据
     1>lextree.cpp(135): warning C4244: “=”: 从“double”转换到“int”，可能丢失数据
     1>lextree.cpp(159): warning C4800: “int”: 将值强制为布尔值“true”或“false”(性能警告)
     1>lextree.cpp(161): warning C4805: “==”: 在操作中将类型“int”与类型“bool”混合不安全
     1>lextree.cpp(201): warning C4018: “<”: 有符号/无符号不匹配
     1>lextree.cpp(208): warning C4244: “=”: 从“double”转换到“int”，可能丢失数据
     1>lextree.cpp(209): warning C4244: “=”: 从“double”转换到“int”，可能丢失数据
     1>lextree.cpp(210): warning C4244: “=”: 从“double”转换到“int”，可能丢失数据
     1>lextree.cpp(270): warning C4800: “int”: 将值强制为布尔值“true”或“false”(性能警告)
     1>lextree.cpp(272): warning C4805: “==”: 在操作中将类型“int”与类型“bool”混合不安全
     1>lextree.cpp(293): warning C4018: “<”: 有符号/无符号不匹配
     1>lextree.cpp(300): warning C4244: “=”: 从“double”转换到“int”，可能丢失数据
     1>lextree.cpp(301): warning C4244: “=”: 从“double”转换到“int”，可能丢失数据
     1>lextree.cpp(302): warning C4244: “=”: 从“double”转换到“int”，可能丢失数据
     1>lextree.cpp(505): warning C4244: “=”: 从“double”转换到“int”，可能丢失数据
     1>lextree.cpp(518): warning C4244: “初始化”: 从“double”转换到“int”，可能丢失数据
     1>lextree.cpp(524): warning C4244: “=”: 从“double”转换到“int”，可能丢失数据
     1>lextree.cpp(528): warning C4244: “初始化”: 从“double”转换到“int”，可能丢失数据
     1>lextree.cpp(553): warning C4244: “=”: 从“double”转换到“int”，可能丢失数据
     1>lextree.cpp(560): warning C4244: “=”: 从“double”转换到“int”，可能丢失数据
     1>lextree.cpp(562): warning C4244: “=”: 从“double”转换到“int”，可能丢失数据
         main.cpp
     1>main.cpp(82): warning C4244: “初始化”: 从“double”转换到“int”，可能丢失数据
     1>main.cpp(83): warning C4244: “初始化”: 从“double”转换到“int”，可能丢失数据
       Link:
         C:\Program Files (x86)\Microsoft Visual Studio 14.0\VC\bin\link.exe /ERRORREPORT:PROMPT /OUT:"C:\Users\Christina\Desktop\Speech Project\Project4\Release\Project4.exe" /NOLOGO kernel32.lib user32.lib gdi32.lib winspool.lib comdlg32.lib advapi32.lib shell32.lib ole32.lib oleaut32.lib uuid.lib odbc32.lib odbccp32.lib /MANIFEST /MANIFESTUAC:"level='asInvoker' uiAccess='false'" /manifest:embed /Debug /PDB:"C:\Users\Christina\Desktop\Speech Project\Project4\Release\Project4.pdb" /OPT:REF /OPT:ICF /LTCG:incremental /TLBID:1 /DYNAMICBASE /NXCOMPAT /IMPLIB:"C:\Users\Christina\Desktop\Speech Project\Project4\Release\Project4.lib" /MACHINE:X86 /SAFESEH Release\lextree.obj
         Release\main.obj
         正在生成代码
         2 of 891 functions ( 0.2%) were compiled, the rest were copied from previous compilation.
           0 functions were new in current compilation
           2 functions had inline decision re-evaluated but remain unchanged
         已完成代码的生成
         Project4.vcxproj -> C:\Users\Christina\Desktop\Speech Project\Project4\Release\Project4.exe
     1>已完成生成项目“C:\Users\Christina\Desktop\Speech Project\Project4\Project4\Project4.vcxproj”(Build 个目标)的操作。

已成功生成。

已用时间 00:00:01.55
